<?xml version="1.0" encoding="UTF-8"?>
<!-- Generated by org.testng.reporters.JUnitReportReporter -->
<testsuite hostname="DESKTOP-DNDR8AF" failures="0" tests="2" name="Tests.DemoFormTest" time="25.485" errors="0" timestamp="2024-03-03T23:50:01 IST" skipped="0">
  <testcase classname="Tests.DemoFormTest" name="E2ETestForFillForm" time="20.011"/>
  <testcase classname="Tests.DemoFormTest" name="VerifylinkEntrata" time="5.474"/>
</testsuite> <!-- Tests.DemoFormTest -->
