<?xml version="1.0" encoding="UTF-8"?>
<!-- Generated by org.testng.reporters.JUnitReportReporter -->
<testsuite hostname="DESKTOP-DNDR8AF" failures="0" tests="3" name="Tests.HomePageTest" time="45.467" errors="0" timestamp="2024-03-03T23:50:01 IST" skipped="0">
  <testcase classname="Tests.HomePageTest" name="verifyPageUrl" time="2.074"/>
  <testcase classname="Tests.HomePageTest" name="verifyAllThePageLinks" time="34.986"/>
  <testcase classname="Tests.HomePageTest" name="verifyAllTheLinkInProduct" time="8.407"/>
</testsuite> <!-- Tests.HomePageTest -->
